2025-06-17T06:41:31.968Z error: TypeError: Cannot read properties of undefined (reading 'forceChangePassword')
    at signIn (/app/src/interfaces/controllers/authController.ts:81:52)
    at processTicksAndRejections (node:internal/process/task_queues:95:5)
2025-06-17T06:45:19.219Z error: TypeError: Cannot read properties of undefined (reading 'forceChangePassword')
    at signIn (/app/src/interfaces/controllers/authController.ts:81:52)
    at processTicksAndRejections (node:internal/process/task_queues:95:5)
2025-06-17T06:50:30.753Z error: TypeError: Cannot read properties of undefined (reading 'forceChangePassword')
    at signIn (/app/src/interfaces/controllers/authController.ts:81:52)
    at processTicksAndRejections (node:internal/process/task_queues:95:5)
2025-06-17T07:24:00.686Z error: TypeError: Cannot read properties of undefined (reading 'forceChangePassword')
    at signIn (/app/src/interfaces/controllers/authController.ts:81:52)
    at processTicksAndRejections (node:internal/process/task_queues:95:5)
2025-06-17T07:39:04.004Z error: TypeError: Cannot read properties of null (reading '_id')
    at SigninUseCase.execute (/app/src/application/usecase/auth/signin.usecase.ts:42:36)
    at async signIn (/app/src/interfaces/controllers/authController.ts:66:24)
2025-06-17T07:39:46.150Z error: TypeError: Cannot read properties of null (reading '_id')
    at SigninUseCase.execute (/app/src/application/usecase/auth/signin.usecase.ts:42:36)
    at async signIn (/app/src/interfaces/controllers/authController.ts:66:24)
2025-06-17T07:40:05.929Z error: TypeError: Cannot read properties of null (reading '_id')
    at SigninUseCase.execute (/app/src/application/usecase/auth/signin.usecase.ts:42:36)
    at async signIn (/app/src/interfaces/controllers/authController.ts:66:24)
2025-06-17T07:41:05.953Z error: TypeError: Cannot read properties of null (reading '_id')
    at SigninUseCase.execute (/app/src/application/usecase/auth/signin.usecase.ts:42:36)
    at async signIn (/app/src/interfaces/controllers/authController.ts:66:24)
2025-06-17T07:46:57.680Z error: TypeError: Cannot read properties of undefined (reading 'forceChangePassword')
    at signIn (/app/src/interfaces/controllers/authController.ts:81:52)
    at processTicksAndRejections (node:internal/process/task_queues:95:5)
2025-06-17T07:52:40.714Z error: TypeError: Cannot read properties of undefined (reading 'forceChangePassword')
    at signIn (/app/src/interfaces/controllers/authController.ts:81:52)
2025-06-17T07:54:53.369Z error: TypeError: Cannot read properties of undefined (reading 'forceChangePassword')
    at signIn (/app/src/interfaces/controllers/authController.ts:81:52)
2025-06-17T07:58:34.515Z error: TypeError: Cannot read properties of null (reading '_id')
    at SigninUseCase.execute (/app/src/application/usecase/auth/signin.usecase.ts:42:36)
    at async signIn (/app/src/interfaces/controllers/authController.ts:66:24)
2025-06-18T03:27:18.544Z error: MongooseError: Operation `users.findOne()` buffering timed out after 10000ms
    at Timeout.<anonymous> (D:\FullStackDeveloper\Week 22\ProjeXpert\backend\node_modules\mongoose\lib\drivers\node-mongodb-native\collection.js:187:23)
    at listOnTimeout (node:internal/timers:569:17)
    at processTimers (node:internal/timers:512:7)
2025-06-18T05:14:13.791Z error: MongooseError: Operation `users.findOne()` buffering timed out after 10000ms
    at Timeout.<anonymous> (D:\FullStackDeveloper\Week 22\ProjeXpert\backend\node_modules\mongoose\lib\drivers\node-mongodb-native\collection.js:187:23)
    at listOnTimeout (node:internal/timers:569:17)
    at processTimers (node:internal/timers:512:7)
2025-06-24T17:34:39.878Z error: MulterError: Unexpected field
    at wrappedFileFilter (/app/node_modules/multer/index.js:40:19)
    at Multipart.<anonymous> (/app/node_modules/multer/lib/make-middleware.js:123:7)
    at Multipart.emit (node:events:517:28)
    at Multipart.emit (node:domain:489:12)
    at HeaderParser.cb (/app/node_modules/busboy/lib/types/multipart.js:358:14)
    at HeaderParser.push (/app/node_modules/busboy/lib/types/multipart.js:162:20)
    at SBMH.ssCb [as _cb] (/app/node_modules/busboy/lib/types/multipart.js:394:37)
    at feed (/app/node_modules/streamsearch/lib/sbmh.js:219:14)
    at SBMH.push (/app/node_modules/streamsearch/lib/sbmh.js:104:16)
    at Multipart._write (/app/node_modules/busboy/lib/types/multipart.js:567:19)
2025-06-25T06:12:54.925Z error: MulterError: Unexpected field
    at wrappedFileFilter (/app/node_modules/multer/index.js:40:19)
    at Multipart.<anonymous> (/app/node_modules/multer/lib/make-middleware.js:123:7)
    at Multipart.emit (node:events:517:28)
    at Multipart.emit (node:domain:489:12)
    at HeaderParser.cb (/app/node_modules/busboy/lib/types/multipart.js:358:14)
    at HeaderParser.push (/app/node_modules/busboy/lib/types/multipart.js:162:20)
    at SBMH.ssCb [as _cb] (/app/node_modules/busboy/lib/types/multipart.js:394:37)
    at feed (/app/node_modules/streamsearch/lib/sbmh.js:219:14)
    at SBMH.push (/app/node_modules/streamsearch/lib/sbmh.js:104:16)
    at Multipart._write (/app/node_modules/busboy/lib/types/multipart.js:567:19)
2025-06-25T08:34:28.170Z error: MulterError: Unexpected field
    at wrappedFileFilter (/app/node_modules/multer/index.js:40:19)
    at Multipart.<anonymous> (/app/node_modules/multer/lib/make-middleware.js:123:7)
    at Multipart.emit (node:events:517:28)
    at Multipart.emit (node:domain:489:12)
    at HeaderParser.cb (/app/node_modules/busboy/lib/types/multipart.js:358:14)
    at HeaderParser.push (/app/node_modules/busboy/lib/types/multipart.js:162:20)
    at SBMH.ssCb [as _cb] (/app/node_modules/busboy/lib/types/multipart.js:394:37)
    at feed (/app/node_modules/streamsearch/lib/sbmh.js:219:14)
    at SBMH.push (/app/node_modules/streamsearch/lib/sbmh.js:104:16)
    at Multipart._write (/app/node_modules/busboy/lib/types/multipart.js:567:19)
2025-06-25T08:38:45.215Z error: MulterError: Unexpected field
    at wrappedFileFilter (/app/node_modules/multer/index.js:40:19)
    at Multipart.<anonymous> (/app/node_modules/multer/lib/make-middleware.js:123:7)
    at Multipart.emit (node:events:517:28)
    at Multipart.emit (node:domain:489:12)
    at HeaderParser.cb (/app/node_modules/busboy/lib/types/multipart.js:358:14)
    at HeaderParser.push (/app/node_modules/busboy/lib/types/multipart.js:162:20)
    at SBMH.ssCb [as _cb] (/app/node_modules/busboy/lib/types/multipart.js:394:37)
    at feed (/app/node_modules/streamsearch/lib/sbmh.js:219:14)
    at SBMH.push (/app/node_modules/streamsearch/lib/sbmh.js:104:16)
    at Multipart._write (/app/node_modules/busboy/lib/types/multipart.js:567:19)
2025-06-25T13:58:07.802Z error: TypeError: Cannot read properties of undefined (reading 'forceChangePassword')
    at signIn (/app/src/interfaces/controllers/authController.ts:80:52)
2025-06-25T13:58:18.485Z error: TypeError: Cannot read properties of undefined (reading 'forceChangePassword')
    at signIn (/app/src/interfaces/controllers/authController.ts:80:52)
2025-06-25T13:58:30.388Z error: TypeError: Cannot read properties of undefined (reading 'forceChangePassword')
    at signIn (/app/src/interfaces/controllers/authController.ts:80:52)
2025-06-25T14:07:20.852Z error: TypeError: Cannot read properties of undefined (reading 'forceChangePassword')
    at signIn (/app/src/interfaces/controllers/authController.ts:80:52)
2025-06-25T14:23:54.328Z error: TypeError: Cannot read properties of undefined (reading 'forceChangePassword')
    at signIn (/app/src/interfaces/controllers/authController.ts:80:52)
